<?xml version="1.0" encoding="UTF-8"?>
<testng-results total="2" passed="2" failed="0" skipped="0">
  <reporter-output>
  </reporter-output>
  <suite started-at="2021-02-07T09:24:19Z" name="Default suite" finished-at="2021-02-07T09:24:28Z" duration-ms="9135">
    <groups>
    </groups>
    <test started-at="2021-02-07T09:24:19Z" name="Default test" finished-at="2021-02-07T09:24:28Z" duration-ms="9135">
      <class name="Academy.ValidateTitle">
        <test-method is-config="true" signature="initialize()[pri:0, instance:Academy.ValidateTitle@210386e0]" started-at="2021-02-07T14:54:19Z" name="initialize" finished-at="2021-02-07T14:54:28Z" duration-ms="8817" status="PASS">
          <reporter-output>
          </reporter-output>
        </test-method> <!-- initialize -->
        <test-method signature="basePageNavigation()[pri:0, instance:Academy.ValidateTitle@210386e0]" started-at="2021-02-07T14:54:28Z" name="basePageNavigation" finished-at="2021-02-07T14:54:28Z" duration-ms="50" status="PASS">
          <reporter-output>
          </reporter-output>
        </test-method> <!-- basePageNavigation -->
        <test-method signature="validateheader()[pri:0, instance:Academy.ValidateTitle@210386e0]" started-at="2021-02-07T14:54:28Z" name="validateheader" finished-at="2021-02-07T14:54:28Z" duration-ms="50" status="PASS">
          <reporter-output>
          </reporter-output>
        </test-method> <!-- validateheader -->
        <test-method is-config="true" signature="teardown()[pri:0, instance:Academy.ValidateTitle@210386e0]" started-at="2021-02-07T14:54:28Z" name="teardown" finished-at="2021-02-07T14:54:28Z" duration-ms="206" status="PASS">
          <reporter-output>
          </reporter-output>
        </test-method> <!-- teardown -->
      </class> <!-- Academy.ValidateTitle -->
    </test> <!-- Default test -->
  </suite> <!-- Default suite -->
</testng-results>
