<?xml version="1.0" encoding="UTF-8"?>
<testng-results total="5" passed="5" failed="0" skipped="0">
  <reporter-output>
  </reporter-output>
  <suite started-at="2021-02-23T16:24:43Z" name="Suite" finished-at="2021-02-23T16:25:10Z" duration-ms="26420">
    <groups>
    </groups>
    <test started-at="2021-02-23T16:24:43Z" name="App test" finished-at="2021-02-23T16:24:43Z" duration-ms="17">
    </test> <!-- App test -->
    <test started-at="2021-02-23T16:24:43Z" name="Validation navigation bar" finished-at="2021-02-23T16:25:06Z" duration-ms="22416">
      <class name="Academy.validateNavigationBar">
        <test-method is-config="true" signature="initialize()[pri:0, instance:Academy.validateNavigationBar@72458efc]" started-at="2021-02-23T21:54:43Z" name="initialize" finished-at="2021-02-23T21:55:01Z" duration-ms="17887" status="PASS">
          <reporter-output>
          </reporter-output>
        </test-method> <!-- initialize -->
        <test-method signature="basePageNavigation()[pri:0, instance:Academy.validateNavigationBar@72458efc]" started-at="2021-02-23T21:55:01Z" name="basePageNavigation" finished-at="2021-02-23T21:55:02Z" duration-ms="281" status="PASS">
          <reporter-output>
          </reporter-output>
        </test-method> <!-- basePageNavigation -->
        <test-method is-config="true" signature="teardown()[pri:0, instance:Academy.validateNavigationBar@72458efc]" started-at="2021-02-23T21:55:02Z" name="teardown" finished-at="2021-02-23T21:55:06Z" duration-ms="4226" status="PASS">
          <reporter-output>
          </reporter-output>
        </test-method> <!-- teardown -->
      </class> <!-- Academy.validateNavigationBar -->
    </test> <!-- Validation navigation bar -->
    <test started-at="2021-02-23T16:24:43Z" name="Validating Title in the page" finished-at="2021-02-23T16:25:06Z" duration-ms="22799">
      <class name="Academy.ValidateTitle">
        <test-method is-config="true" signature="initialize()[pri:0, instance:Academy.ValidateTitle@286b39c2]" started-at="2021-02-23T21:54:43Z" name="initialize" finished-at="2021-02-23T21:55:02Z" duration-ms="18529" status="PASS">
          <reporter-output>
          </reporter-output>
        </test-method> <!-- initialize -->
        <test-method signature="basePageNavigation()[pri:0, instance:Academy.ValidateTitle@286b39c2]" started-at="2021-02-23T21:55:02Z" name="basePageNavigation" finished-at="2021-02-23T21:55:02Z" duration-ms="279" status="PASS">
          <reporter-output>
          </reporter-output>
        </test-method> <!-- basePageNavigation -->
        <test-method signature="validateheader()[pri:0, instance:Academy.ValidateTitle@286b39c2]" started-at="2021-02-23T21:55:02Z" name="validateheader" finished-at="2021-02-23T21:55:02Z" duration-ms="123" status="PASS">
          <reporter-output>
          </reporter-output>
        </test-method> <!-- validateheader -->
        <test-method is-config="true" signature="teardown()[pri:0, instance:Academy.ValidateTitle@286b39c2]" started-at="2021-02-23T21:55:02Z" name="teardown" finished-at="2021-02-23T21:55:06Z" duration-ms="3836" status="PASS">
          <reporter-output>
          </reporter-output>
        </test-method> <!-- teardown -->
      </class> <!-- Academy.ValidateTitle -->
    </test> <!-- Validating Title in the page -->
    <test started-at="2021-02-23T16:24:43Z" name="Validating user login" finished-at="2021-02-23T16:25:10Z" duration-ms="26419">
      <class name="Academy.HomePage">
        <test-method is-config="true" signature="initialize()[pri:0, instance:Academy.HomePage@682c1e93]" started-at="2021-02-23T21:54:43Z" name="initialize" finished-at="2021-02-23T21:54:54Z" duration-ms="10710" status="PASS">
          <reporter-output>
          </reporter-output>
        </test-method> <!-- initialize -->
        <test-method signature="basePageNavigation(java.lang.String, java.lang.String)[pri:0, instance:Academy.HomePage@682c1e93]" started-at="2021-02-23T21:54:54Z" name="basePageNavigation" data-provider="getdata" finished-at="2021-02-23T21:55:05Z" duration-ms="10626" status="PASS">
          <params>
            <param index="0">
              <value>
                <![CDATA[nonrestricteduser]]>
              </value>
            </param>
            <param index="1">
              <value>
                <![CDATA[12345]]>
              </value>
            </param>
          </params>
          <reporter-output>
          </reporter-output>
        </test-method> <!-- basePageNavigation -->
        <test-method signature="basePageNavigation(java.lang.String, java.lang.String)[pri:0, instance:Academy.HomePage@682c1e93]" started-at="2021-02-23T21:55:05Z" name="basePageNavigation" data-provider="getdata" finished-at="2021-02-23T21:55:08Z" duration-ms="3558" status="PASS">
          <params>
            <param index="0">
              <value>
                <![CDATA[restricteduser]]>
              </value>
            </param>
            <param index="1">
              <value>
                <![CDATA[12345]]>
              </value>
            </param>
          </params>
          <reporter-output>
          </reporter-output>
        </test-method> <!-- basePageNavigation -->
        <test-method is-config="true" signature="teardown()[pri:0, instance:Academy.HomePage@682c1e93]" started-at="2021-02-23T21:55:08Z" name="teardown" finished-at="2021-02-23T21:55:10Z" duration-ms="1506" status="PASS">
          <reporter-output>
          </reporter-output>
        </test-method> <!-- teardown -->
      </class> <!-- Academy.HomePage -->
    </test> <!-- Validating user login -->
  </suite> <!-- Suite -->
</testng-results>
